cd build && make check
make[1]: Entering directory '/net/files.cis.ksu.edu/exports/home/b/blehmg/cis520/pintos/src/userprog/build'
pintos -v -k -T 60 --qemu  --filesys-size=2 -p tests/userprog/args-none -a args-none -- -q  -f run args-none < /dev/null 2> tests/userprog/args-none.errors > tests/userprog/args-none.output
perl -I../.. ../../tests/userprog/args-none.ck tests/userprog/args-none tests/userprog/args-none.result
pass tests/userprog/args-none
pintos -v -k -T 60 --qemu  --filesys-size=2 -p tests/userprog/args-single -a args-single -- -q  -f run 'args-single onearg' < /dev/null 2> tests/userprog/args-single.errors > tests/userprog/args-single.output
perl -I../.. ../../tests/userprog/args-single.ck tests/userprog/args-single tests/userprog/args-single.result
pass tests/userprog/args-single
pintos -v -k -T 60 --qemu  --filesys-size=2 -p tests/userprog/args-multiple -a args-multiple -- -q  -f run 'args-multiple some arguments for you!' < /dev/null 2> tests/userprog/args-multiple.errors > tests/userprog/args-multiple.output
perl -I../.. ../../tests/userprog/args-multiple.ck tests/userprog/args-multiple tests/userprog/args-multiple.result
pass tests/userprog/args-multiple
pintos -v -k -T 60 --qemu  --filesys-size=2 -p tests/userprog/args-many -a args-many -- -q  -f run 'args-many a b c d e f g h i j k l m n o p q r s t u v' < /dev/null 2> tests/userprog/args-many.errors > tests/userprog/args-many.output
perl -I../.. ../../tests/userprog/args-many.ck tests/userprog/args-many tests/userprog/args-many.result
pass tests/userprog/args-many
pintos -v -k -T 60 --qemu  --filesys-size=2 -p tests/userprog/args-dbl-space -a args-dbl-space -- -q  -f run 'args-dbl-space two  spaces!' < /dev/null 2> tests/userprog/args-dbl-space.errors > tests/userprog/args-dbl-space.output
perl -I../.. ../../tests/userprog/args-dbl-space.ck tests/userprog/args-dbl-space tests/userprog/args-dbl-space.result
pass tests/userprog/args-dbl-space
pintos -v -k -T 60 --qemu  --filesys-size=2 -p tests/userprog/sc-bad-sp -a sc-bad-sp -- -q  -f run sc-bad-sp < /dev/null 2> tests/userprog/sc-bad-sp.errors > tests/userprog/sc-bad-sp.output
perl -I../.. ../../tests/userprog/sc-bad-sp.ck tests/userprog/sc-bad-sp tests/userprog/sc-bad-sp.result
pass tests/userprog/sc-bad-sp
pintos -v -k -T 60 --qemu  --filesys-size=2 -p tests/userprog/sc-bad-arg -a sc-bad-arg -- -q  -f run sc-bad-arg < /dev/null 2> tests/userprog/sc-bad-arg.errors > tests/userprog/sc-bad-arg.output
perl -I../.. ../../tests/userprog/sc-bad-arg.ck tests/userprog/sc-bad-arg tests/userprog/sc-bad-arg.result
FAIL tests/userprog/sc-bad-arg
Test output failed to match any acceptable form.

Acceptable output:
  (sc-bad-arg) begin
  sc-bad-arg: exit(-1)
Differences in `diff -u' format:
  (sc-bad-arg) begin
- sc-bad-arg: exit(-1)
+ sc-bad-arg: exit(-268370093)
pintos -v -k -T 60 --qemu  --filesys-size=2 -p tests/userprog/sc-boundary -a sc-boundary -- -q  -f run sc-boundary < /dev/null 2> tests/userprog/sc-boundary.errors > tests/userprog/sc-boundary.output
perl -I../.. ../../tests/userprog/sc-boundary.ck tests/userprog/sc-boundary tests/userprog/sc-boundary.result
pass tests/userprog/sc-boundary
pintos -v -k -T 60 --qemu  --filesys-size=2 -p tests/userprog/sc-boundary-2 -a sc-boundary-2 -- -q  -f run sc-boundary-2 < /dev/null 2> tests/userprog/sc-boundary-2.errors > tests/userprog/sc-boundary-2.output
perl -I../.. ../../tests/userprog/sc-boundary-2.ck tests/userprog/sc-boundary-2 tests/userprog/sc-boundary-2.result
pass tests/userprog/sc-boundary-2
pintos -v -k -T 60 --qemu  --filesys-size=2 -p tests/userprog/sc-boundary-3 -a sc-boundary-3 -- -q  -f run sc-boundary-3 < /dev/null 2> tests/userprog/sc-boundary-3.errors > tests/userprog/sc-boundary-3.output
perl -I../.. ../../tests/userprog/sc-boundary-3.ck tests/userprog/sc-boundary-3 tests/userprog/sc-boundary-3.result
pass tests/userprog/sc-boundary-3
pintos -v -k -T 60 --qemu  --filesys-size=2 -p tests/userprog/halt -a halt -- -q  -f run halt < /dev/null 2> tests/userprog/halt.errors > tests/userprog/halt.output
perl -I../.. ../../tests/userprog/halt.ck tests/userprog/halt tests/userprog/halt.result
pass tests/userprog/halt
pintos -v -k -T 60 --qemu  --filesys-size=2 -p tests/userprog/exit -a exit -- -q  -f run exit < /dev/null 2> tests/userprog/exit.errors > tests/userprog/exit.output
perl -I../.. ../../tests/userprog/exit.ck tests/userprog/exit tests/userprog/exit.result
pass tests/userprog/exit
pintos -v -k -T 60 --qemu  --filesys-size=2 -p tests/userprog/create-normal -a create-normal -- -q  -f run create-normal < /dev/null 2> tests/userprog/create-normal.errors > tests/userprog/create-normal.output
perl -I../.. ../../tests/userprog/create-normal.ck tests/userprog/create-normal tests/userprog/create-normal.result
FAIL tests/userprog/create-normal
Kernel panic in run: PANIC at ../../filesys/inode.c:78 in inode_create(): assertion `length >= 0' failed.
Call stack: 0xc0029a67 0xc002ec7c 0xc002dc9e 0xc002d867 0xc002d92b 0xc0021cdf 0xc0021fc7 0x804a476 0x80480d6 0x804812f 0x80488e0
Translation of call stack:
In kernel.o:
0xc0029a67: debug_panic (.../../lib/kernel/debug.c:38)
0xc002ec7c: inode_create (.../../../filesys/inode.c:92)
0xc002dc9e: filesys_create (..../../filesys/filesys.c:52)
0xc002d867: create (...../userprog/syscall.c:230)
0xc002d92b: syscall_handler (...../userprog/syscall.c:106)
0xc0021cdf: intr_handler (..../threads/interrupt.c:378)
0xc0021fc7: intr_entry (threads/intr-stubs.S:38)
In tests/userprog/create-normal:
0x0804a476: create (.../../lib/user/syscall.c:93)
0x080480d6: test_main (...serprog/create-normal.c:9)
0x0804812f: main (...ild/../../tests/main.c:13)
0x080488e0: _start (.../../../lib/user/entry.c:9)
Translations of user virtual addresses above are based on a guess at
the binary to use.  If this guess is incorrect, then those
translations will be misleading.
pintos -v -k -T 60 --qemu  --filesys-size=2 -p tests/userprog/create-empty -a create-empty -- -q  -f run create-empty < /dev/null 2> tests/userprog/create-empty.errors > tests/userprog/create-empty.output
perl -I../.. ../../tests/userprog/create-empty.ck tests/userprog/create-empty tests/userprog/create-empty.result
FAIL tests/userprog/create-empty
Kernel panic in run: PANIC at ../../filesys/inode.c:78 in inode_create(): assertion `length >= 0' failed.
Call stack: 0xc0029a67 0xc002ec7c 0xc002dc9e 0xc002d867 0xc002d92b 0xc0021cdf 0xc0021fc7 0x804a466 0x80480c8 0x8048124 0x80488d5
Translation of call stack:
In kernel.o:
0xc0029a67: debug_panic (.../../lib/kernel/debug.c:38)
0xc002ec7c: inode_create (.../../../filesys/inode.c:92)
0xc002dc9e: filesys_create (..../../filesys/filesys.c:52)
0xc002d867: create (...../userprog/syscall.c:230)
0xc002d92b: syscall_handler (...../userprog/syscall.c:106)
0xc0021cdf: intr_handler (..../threads/interrupt.c:378)
0xc0021fc7: intr_entry (threads/intr-stubs.S:38)
In tests/userprog/create-empty:
0x0804a466: create (.../../lib/user/syscall.c:93)
0x080480c8: test_main (...userprog/create-empty.c:9)
0x08048124: main (...ild/../../tests/main.c:13)
0x080488d5: _start (.../../../lib/user/entry.c:9)
Translations of user virtual addresses above are based on a guess at
the binary to use.  If this guess is incorrect, then those
translations will be misleading.
pintos -v -k -T 60 --qemu  --filesys-size=2 -p tests/userprog/create-null -a create-null -- -q  -f run create-null < /dev/null 2> tests/userprog/create-null.errors > tests/userprog/create-null.output
perl -I../.. ../../tests/userprog/create-null.ck tests/userprog/create-null tests/userprog/create-null.result
FAIL tests/userprog/create-null
Kernel panic in run: PANIC at ../../filesys/inode.c:78 in inode_create(): assertion `length >= 0' failed.
Call stack: 0xc0029a67 0xc002ec7c 0xc002dc9e 0xc002d867 0xc002d92b 0xc0021cdf 0xc0021fc7 0x804a466 0x80480c6 0x8048122 0x80488d3
Translation of call stack:
In kernel.o:
0xc0029a67: debug_panic (.../../lib/kernel/debug.c:38)
0xc002ec7c: inode_create (.../../../filesys/inode.c:92)
0xc002dc9e: filesys_create (..../../filesys/filesys.c:52)
0xc002d867: create (...../userprog/syscall.c:230)
0xc002d92b: syscall_handler (...../userprog/syscall.c:106)
0xc0021cdf: intr_handler (..../threads/interrupt.c:378)
0xc0021fc7: intr_entry (threads/intr-stubs.S:38)
In tests/userprog/create-null:
0x0804a466: create (.../../lib/user/syscall.c:93)
0x080480c6: test_main (...userprog/create-null.c:10)
0x08048122: main (...ild/../../tests/main.c:13)
0x080488d3: _start (.../../../lib/user/entry.c:9)
Translations of user virtual addresses above are based on a guess at
the binary to use.  If this guess is incorrect, then those
translations will be misleading.
pintos -v -k -T 60 --qemu  --filesys-size=2 -p tests/userprog/create-bad-ptr -a create-bad-ptr -- -q  -f run create-bad-ptr < /dev/null 2> tests/userprog/create-bad-ptr.errors > tests/userprog/create-bad-ptr.output
perl -I../.. ../../tests/userprog/create-bad-ptr.ck tests/userprog/create-bad-ptr tests/userprog/create-bad-ptr.result
FAIL tests/userprog/create-bad-ptr
Kernel panic in run: PANIC at ../../filesys/inode.c:78 in inode_create(): assertion `length >= 0' failed.
Call stack: 0xc0029a67 0xc002ec7c 0xc002dc9e 0xc002d867 0xc002d92b 0xc0021cdf 0xc0021fc7 0x804a466 0x80480c6 0x8048122 0x80488d3
Translation of call stack:
In kernel.o:
0xc0029a67: debug_panic (.../../lib/kernel/debug.c:38)
0xc002ec7c: inode_create (.../../../filesys/inode.c:92)
0xc002dc9e: filesys_create (..../../filesys/filesys.c:52)
0xc002d867: create (...../userprog/syscall.c:230)
0xc002d92b: syscall_handler (...../userprog/syscall.c:106)
0xc0021cdf: intr_handler (..../threads/interrupt.c:378)
0xc0021fc7: intr_entry (threads/intr-stubs.S:38)
In tests/userprog/create-bad-ptr:
0x0804a466: create (.../../lib/user/syscall.c:93)
0x080480c6: test_main (...rprog/create-bad-ptr.c:11)
0x08048122: main (...ild/../../tests/main.c:13)
0x080488d3: _start (.../../../lib/user/entry.c:9)
Translations of user virtual addresses above are based on a guess at
the binary to use.  If this guess is incorrect, then those
translations will be misleading.
pintos -v -k -T 60 --qemu  --filesys-size=2 -p tests/userprog/create-long -a create-long -- -q  -f run create-long < /dev/null 2> tests/userprog/create-long.errors > tests/userprog/create-long.output
perl -I../.. ../../tests/userprog/create-long.ck tests/userprog/create-long tests/userprog/create-long.result
FAIL tests/userprog/create-long
Kernel panic in run: PANIC at ../../filesys/inode.c:78 in inode_create(): assertion `length >= 0' failed.
Call stack: 0xc0029a67 0xc002ec7c 0xc002dc9e 0xc002d867 0xc002d92b 0xc0021cdf 0xc0021fc7 0x804a496 0x80480f3 0x804814f 0x8048900
Translation of call stack:
In kernel.o:
0xc0029a67: debug_panic (.../../lib/kernel/debug.c:38)
0xc002ec7c: inode_create (.../../../filesys/inode.c:92)
0xc002dc9e: filesys_create (..../../filesys/filesys.c:52)
0xc002d867: create (...../userprog/syscall.c:230)
0xc002d92b: syscall_handler (...../userprog/syscall.c:106)
0xc0021cdf: intr_handler (..../threads/interrupt.c:378)
0xc0021fc7: intr_entry (threads/intr-stubs.S:38)
In tests/userprog/create-long:
0x0804a496: create (.../../lib/user/syscall.c:93)
0x080480f3: test_main (...userprog/create-long.c:16)
0x0804814f: main (...ild/../../tests/main.c:13)
0x08048900: _start (.../../../lib/user/entry.c:9)
Translations of user virtual addresses above are based on a guess at
the binary to use.  If this guess is incorrect, then those
translations will be misleading.
pintos -v -k -T 60 --qemu  --filesys-size=2 -p tests/userprog/create-exists -a create-exists -- -q  -f run create-exists < /dev/null 2> tests/userprog/create-exists.errors > tests/userprog/create-exists.output
perl -I../.. ../../tests/userprog/create-exists.ck tests/userprog/create-exists tests/userprog/create-exists.result
FAIL tests/userprog/create-exists
Kernel panic in run: PANIC at ../../filesys/inode.c:78 in inode_create(): assertion `length >= 0' failed.
Call stack: 0xc0029a67 0xc002ec7c 0xc002dc9e 0xc002d867 0xc002d92b 0xc0021cdf 0xc0021fc7 0x804a556 0x80480d6 0x804820f 0x80489c0
Translation of call stack:
In kernel.o:
0xc0029a67: debug_panic (.../../lib/kernel/debug.c:38)
0xc002ec7c: inode_create (.../../../filesys/inode.c:92)
0xc002dc9e: filesys_create (..../../filesys/filesys.c:52)
0xc002d867: create (...../userprog/syscall.c:230)
0xc002d92b: syscall_handler (...../userprog/syscall.c:106)
0xc0021cdf: intr_handler (..../threads/interrupt.c:378)
0xc0021fc7: intr_entry (threads/intr-stubs.S:38)
In tests/userprog/create-exists:
0x0804a556: create (.../../lib/user/syscall.c:93)
0x080480d6: test_main (...erprog/create-exists.c:11)
0x0804820f: main (...ild/../../tests/main.c:13)
0x080489c0: _start (.../../../lib/user/entry.c:9)
Translations of user virtual addresses above are based on a guess at
the binary to use.  If this guess is incorrect, then those
translations will be misleading.
pintos -v -k -T 60 --qemu  --filesys-size=2 -p tests/userprog/create-bound -a create-bound -- -q  -f run create-bound < /dev/null 2> tests/userprog/create-bound.errors > tests/userprog/create-bound.output
perl -I../.. ../../tests/userprog/create-bound.ck tests/userprog/create-bound tests/userprog/create-bound.result
FAIL tests/userprog/create-bound
Kernel panic in run: PANIC at ../../filesys/inode.c:78 in inode_create(): assertion `length >= 0' failed.
Call stack: 0xc0029a67 0xc002ec7c 0xc002dc9e 0xc002d867 0xc002d92b 0xc0021cdf 0xc0021fc7 0x804a546 0x80480d0 0x8048203 0x80489b4
Translation of call stack:
In kernel.o:
0xc0029a67: debug_panic (.../../lib/kernel/debug.c:38)
0xc002ec7c: inode_create (.../../../filesys/inode.c:92)
0xc002dc9e: filesys_create (..../../filesys/filesys.c:52)
0xc002d867: create (...../userprog/syscall.c:230)
0xc002d92b: syscall_handler (...../userprog/syscall.c:106)
0xc0021cdf: intr_handler (..../threads/interrupt.c:378)
0xc0021fc7: intr_entry (threads/intr-stubs.S:38)
In tests/userprog/create-bound:
0x0804a546: create (.../../lib/user/syscall.c:93)
0x080480d0: test_main (...serprog/create-bound.c:12)
0x08048203: main (...ild/../../tests/main.c:13)
0x080489b4: _start (.../../../lib/user/entry.c:9)
Translations of user virtual addresses above are based on a guess at
the binary to use.  If this guess is incorrect, then those
translations will be misleading.
pintos -v -k -T 60 --qemu  --filesys-size=2 -p tests/userprog/open-normal -a open-normal -p ../../tests/userprog/sample.txt -a sample.txt -- -q  -f run open-normal < /dev/null 2> tests/userprog/open-normal.errors > tests/userprog/open-normal.output
perl -I../.. ../../tests/userprog/open-normal.ck tests/userprog/open-normal tests/userprog/open-normal.result
pass tests/userprog/open-normal
pintos -v -k -T 60 --qemu  --filesys-size=2 -p tests/userprog/open-missing -a open-missing -- -q  -f run open-missing < /dev/null 2> tests/userprog/open-missing.errors > tests/userprog/open-missing.output
perl -I../.. ../../tests/userprog/open-missing.ck tests/userprog/open-missing tests/userprog/open-missing.result
FAIL tests/userprog/open-missing
run: open() returned 134524749: FAILED
pintos -v -k -T 60 --qemu  --filesys-size=2 -p tests/userprog/open-boundary -a open-boundary -p ../../tests/userprog/sample.txt -a sample.txt -- -q  -f run open-boundary < /dev/null 2> tests/userprog/open-boundary.errors > tests/userprog/open-boundary.output
perl -I../.. ../../tests/userprog/open-boundary.ck tests/userprog/open-boundary tests/userprog/open-boundary.result
pass tests/userprog/open-boundary
pintos -v -k -T 60 --qemu  --filesys-size=2 -p tests/userprog/open-empty -a open-empty -- -q  -f run open-empty < /dev/null 2> tests/userprog/open-empty.errors > tests/userprog/open-empty.output
perl -I../.. ../../tests/userprog/open-empty.ck tests/userprog/open-empty tests/userprog/open-empty.result
FAIL tests/userprog/open-empty
run: open() returned 134524774 instead of -1: FAILED
pintos -v -k -T 60 --qemu  --filesys-size=2 -p tests/userprog/open-null -a open-null -- -q  -f run open-null < /dev/null 2> tests/userprog/open-null.errors > tests/userprog/open-null.output
perl -I../.. ../../tests/userprog/open-null.ck tests/userprog/open-null tests/userprog/open-null.result
pass tests/userprog/open-null
pintos -v -k -T 60 --qemu  --filesys-size=2 -p tests/userprog/open-bad-ptr -a open-bad-ptr -- -q  -f run open-bad-ptr < /dev/null 2> tests/userprog/open-bad-ptr.errors > tests/userprog/open-bad-ptr.output
perl -I../.. ../../tests/userprog/open-bad-ptr.ck tests/userprog/open-bad-ptr tests/userprog/open-bad-ptr.result
FAIL tests/userprog/open-bad-ptr
run: should have called exit(-1): FAILED
pintos -v -k -T 60 --qemu  --filesys-size=2 -p tests/userprog/open-twice -a open-twice -p ../../tests/userprog/sample.txt -a sample.txt -- -q  -f run open-twice < /dev/null 2> tests/userprog/open-twice.errors > tests/userprog/open-twice.output
perl -I../.. ../../tests/userprog/open-twice.ck tests/userprog/open-twice tests/userprog/open-twice.result
pass tests/userprog/open-twice
pintos -v -k -T 60 --qemu  --filesys-size=2 -p tests/userprog/close-normal -a close-normal -p ../../tests/userprog/sample.txt -a sample.txt -- -q  -f run close-normal < /dev/null 2> tests/userprog/close-normal.errors > tests/userprog/close-normal.output
perl -I../.. ../../tests/userprog/close-normal.ck tests/userprog/close-normal tests/userprog/close-normal.result
FAIL tests/userprog/close-normal
Test output failed to match any acceptable form.

Acceptable output:
  (close-normal) begin
  (close-normal) open "sample.txt"
  (close-normal) close "sample.txt"
  (close-normal) end
  close-normal: exit(0)
Differences in `diff -u' format:
  (close-normal) begin
  (close-normal) open "sample.txt"
  (close-normal) close "sample.txt"
+ NOT IMPLEMENTED YET - SYS_CLOSE
  (close-normal) end
  close-normal: exit(0)
pintos -v -k -T 60 --qemu  --filesys-size=2 -p tests/userprog/close-twice -a close-twice -p ../../tests/userprog/sample.txt -a sample.txt -- -q  -f run close-twice < /dev/null 2> tests/userprog/close-twice.errors > tests/userprog/close-twice.output
perl -I../.. ../../tests/userprog/close-twice.ck tests/userprog/close-twice tests/userprog/close-twice.result
FAIL tests/userprog/close-twice
Test output failed to match any acceptable form.

Acceptable output:
  (close-twice) begin
  (close-twice) open "sample.txt"
  (close-twice) close "sample.txt"
  (close-twice) close "sample.txt" again
  close-twice: exit(-1)
Differences in `diff -u' format:
  (close-twice) begin
  (close-twice) open "sample.txt"
  (close-twice) close "sample.txt"
+ NOT IMPLEMENTED YET - SYS_CLOSE
  (close-twice) close "sample.txt" again
- close-twice: exit(-1)
+ NOT IMPLEMENTED YET - SYS_CLOSE
+ (close-twice) end
+ close-twice: exit(0)
Acceptable output:
  (close-twice) begin
  (close-twice) open "sample.txt"
  (close-twice) close "sample.txt"
  (close-twice) close "sample.txt" again
  (close-twice) end
  close-twice: exit(0)
Differences in `diff -u' format:
  (close-twice) begin
  (close-twice) open "sample.txt"
  (close-twice) close "sample.txt"
+ NOT IMPLEMENTED YET - SYS_CLOSE
  (close-twice) close "sample.txt" again
+ NOT IMPLEMENTED YET - SYS_CLOSE
  (close-twice) end
  close-twice: exit(0)
pintos -v -k -T 60 --qemu  --filesys-size=2 -p tests/userprog/close-stdin -a close-stdin -- -q  -f run close-stdin < /dev/null 2> tests/userprog/close-stdin.errors > tests/userprog/close-stdin.output
perl -I../.. ../../tests/userprog/close-stdin.ck tests/userprog/close-stdin tests/userprog/close-stdin.result
FAIL tests/userprog/close-stdin
Test output failed to match any acceptable form.

Acceptable output:
  (close-stdin) begin
  close-stdin: exit(-1)
Differences in `diff -u' format:
  (close-stdin) begin
- close-stdin: exit(-1)
+ NOT IMPLEMENTED YET - SYS_CLOSE
+ (close-stdin) end
+ close-stdin: exit(0)
Acceptable output:
  (close-stdin) begin
  (close-stdin) end
  close-stdin: exit(0)
Differences in `diff -u' format:
  (close-stdin) begin
+ NOT IMPLEMENTED YET - SYS_CLOSE
  (close-stdin) end
  close-stdin: exit(0)
pintos -v -k -T 60 --qemu  --filesys-size=2 -p tests/userprog/close-stdout -a close-stdout -- -q  -f run close-stdout < /dev/null 2> tests/userprog/close-stdout.errors > tests/userprog/close-stdout.output
perl -I../.. ../../tests/userprog/close-stdout.ck tests/userprog/close-stdout tests/userprog/close-stdout.result
FAIL tests/userprog/close-stdout
Test output failed to match any acceptable form.

Acceptable output:
  (close-stdout) begin
  (close-stdout) end
  close-stdout: exit(0)
Differences in `diff -u' format:
  (close-stdout) begin
+ NOT IMPLEMENTED YET - SYS_CLOSE
  (close-stdout) end
  close-stdout: exit(0)
Acceptable output:
  (close-stdout) begin
  close-stdout: exit(-1)
Differences in `diff -u' format:
  (close-stdout) begin
- close-stdout: exit(-1)
+ NOT IMPLEMENTED YET - SYS_CLOSE
+ (close-stdout) end
+ close-stdout: exit(0)
pintos -v -k -T 60 --qemu  --filesys-size=2 -p tests/userprog/close-bad-fd -a close-bad-fd -- -q  -f run close-bad-fd < /dev/null 2> tests/userprog/close-bad-fd.errors > tests/userprog/close-bad-fd.output
perl -I../.. ../../tests/userprog/close-bad-fd.ck tests/userprog/close-bad-fd tests/userprog/close-bad-fd.result
FAIL tests/userprog/close-bad-fd
Test output failed to match any acceptable form.

Acceptable output:
  (close-bad-fd) begin
  (close-bad-fd) end
  close-bad-fd: exit(0)
Differences in `diff -u' format:
  (close-bad-fd) begin
+ NOT IMPLEMENTED YET - SYS_CLOSE
  (close-bad-fd) end
  close-bad-fd: exit(0)
Acceptable output:
  (close-bad-fd) begin
  close-bad-fd: exit(-1)
Differences in `diff -u' format:
  (close-bad-fd) begin
- close-bad-fd: exit(-1)
+ NOT IMPLEMENTED YET - SYS_CLOSE
+ (close-bad-fd) end
+ close-bad-fd: exit(0)
pintos -v -k -T 60 --qemu  --filesys-size=2 -p tests/userprog/read-normal -a read-normal -p ../../tests/userprog/sample.txt -a sample.txt -- -q  -f run read-normal < /dev/null 2> tests/userprog/read-normal.errors > tests/userprog/read-normal.output
perl -I../.. ../../tests/userprog/read-normal.ck tests/userprog/read-normal tests/userprog/read-normal.result
FAIL tests/userprog/read-normal
run: read of 239 bytes at offset 0 in "sample.txt" returned 49: FAILED
pintos -v -k -T 60 --qemu  --filesys-size=2 -p tests/userprog/read-bad-ptr -a read-bad-ptr -p ../../tests/userprog/sample.txt -a sample.txt -- -q  -f run read-bad-ptr < /dev/null 2> tests/userprog/read-bad-ptr.errors > tests/userprog/read-bad-ptr.output
perl -I../.. ../../tests/userprog/read-bad-ptr.ck tests/userprog/read-bad-ptr tests/userprog/read-bad-ptr.result
FAIL tests/userprog/read-bad-ptr
run: should not have survived read(): FAILED
pintos -v -k -T 60 --qemu  --filesys-size=2 -p tests/userprog/read-boundary -a read-boundary -p ../../tests/userprog/sample.txt -a sample.txt -- -q  -f run read-boundary < /dev/null 2> tests/userprog/read-boundary.errors > tests/userprog/read-boundary.output
perl -I../.. ../../tests/userprog/read-boundary.ck tests/userprog/read-boundary tests/userprog/read-boundary.result
FAIL tests/userprog/read-boundary
run: read() returned 134525151 instead of 239: FAILED
pintos -v -k -T 60 --qemu  --filesys-size=2 -p tests/userprog/read-zero -a read-zero -p ../../tests/userprog/sample.txt -a sample.txt -- -q  -f run read-zero < /dev/null 2> tests/userprog/read-zero.errors > tests/userprog/read-zero.output
perl -I../.. ../../tests/userprog/read-zero.ck tests/userprog/read-zero tests/userprog/read-zero.result
FAIL tests/userprog/read-zero
run: read() returned 134524847 instead of 0: FAILED
pintos -v -k -T 60 --qemu  --filesys-size=2 -p tests/userprog/read-stdout -a read-stdout -- -q  -f run read-stdout < /dev/null 2> tests/userprog/read-stdout.errors > tests/userprog/read-stdout.output
perl -I../.. ../../tests/userprog/read-stdout.ck tests/userprog/read-stdout tests/userprog/read-stdout.result
pass tests/userprog/read-stdout
pintos -v -k -T 60 --qemu  --filesys-size=2 -p tests/userprog/read-bad-fd -a read-bad-fd -- -q  -f run read-bad-fd < /dev/null 2> tests/userprog/read-bad-fd.errors > tests/userprog/read-bad-fd.output
perl -I../.. ../../tests/userprog/read-bad-fd.ck tests/userprog/read-bad-fd tests/userprog/read-bad-fd.result
pass tests/userprog/read-bad-fd
pintos -v -k -T 60 --qemu  --filesys-size=2 -p tests/userprog/write-normal -a write-normal -p ../../tests/userprog/sample.txt -a sample.txt -- -q  -f run write-normal < /dev/null 2> tests/userprog/write-normal.errors > tests/userprog/write-normal.output
perl -I../.. ../../tests/userprog/write-normal.ck tests/userprog/write-normal tests/userprog/write-normal.result
FAIL tests/userprog/write-normal
Kernel panic in run: PANIC at ../../filesys/inode.c:78 in inode_create(): assertion `length >= 0' failed.
Call stack: 0xc0029a67 0xc002ec7c 0xc002dc9e 0xc002d867 0xc002d92b 0xc0021cdf 0xc0021fc7 0x804a4d6 0x80480d6 0x8048199 0x804894a
Translation of call stack:
In kernel.o:
0xc0029a67: debug_panic (.../../lib/kernel/debug.c:38)
0xc002ec7c: inode_create (.../../../filesys/inode.c:92)
0xc002dc9e: filesys_create (..../../filesys/filesys.c:52)
0xc002d867: create (...../userprog/syscall.c:230)
0xc002d92b: syscall_handler (...../userprog/syscall.c:106)
0xc0021cdf: intr_handler (..../threads/interrupt.c:378)
0xc0021fc7: intr_entry (threads/intr-stubs.S:38)
In tests/userprog/write-normal:
0x0804a4d6: create (.../../lib/user/syscall.c:93)
0x080480d6: test_main (...serprog/write-normal.c:13)
0x08048199: main (...ild/../../tests/main.c:13)
0x0804894a: _start (.../../../lib/user/entry.c:9)
Translations of user virtual addresses above are based on a guess at
the binary to use.  If this guess is incorrect, then those
translations will be misleading.
pintos -v -k -T 60 --qemu  --filesys-size=2 -p tests/userprog/write-bad-ptr -a write-bad-ptr -p ../../tests/userprog/sample.txt -a sample.txt -- -q  -f run write-bad-ptr < /dev/null 2> tests/userprog/write-bad-ptr.errors > tests/userprog/write-bad-ptr.output
perl -I../.. ../../tests/userprog/write-bad-ptr.ck tests/userprog/write-bad-ptr tests/userprog/write-bad-ptr.result
pass tests/userprog/write-bad-ptr
pintos -v -k -T 60 --qemu  --filesys-size=2 -p tests/userprog/write-boundary -a write-boundary -p ../../tests/userprog/sample.txt -a sample.txt -- -q  -f run write-boundary < /dev/null 2> tests/userprog/write-boundary.errors > tests/userprog/write-boundary.output
perl -I../.. ../../tests/userprog/write-boundary.ck tests/userprog/write-boundary tests/userprog/write-boundary.result
FAIL tests/userprog/write-boundary
run: write() returned 0 instead of 239: FAILED
pintos -v -k -T 60 --qemu  --filesys-size=2 -p tests/userprog/write-zero -a write-zero -p ../../tests/userprog/sample.txt -a sample.txt -- -q  -f run write-zero < /dev/null 2> tests/userprog/write-zero.errors > tests/userprog/write-zero.output
perl -I../.. ../../tests/userprog/write-zero.ck tests/userprog/write-zero tests/userprog/write-zero.result
pass tests/userprog/write-zero
pintos -v -k -T 60 --qemu  --filesys-size=2 -p tests/userprog/write-stdin -a write-stdin -- -q  -f run write-stdin < /dev/null 2> tests/userprog/write-stdin.errors > tests/userprog/write-stdin.output
perl -I../.. ../../tests/userprog/write-stdin.ck tests/userprog/write-stdin tests/userprog/write-stdin.result
pass tests/userprog/write-stdin
pintos -v -k -T 60 --qemu  --filesys-size=2 -p tests/userprog/write-bad-fd -a write-bad-fd -- -q  -f run write-bad-fd < /dev/null 2> tests/userprog/write-bad-fd.errors > tests/userprog/write-bad-fd.output
perl -I../.. ../../tests/userprog/write-bad-fd.ck tests/userprog/write-bad-fd tests/userprog/write-bad-fd.result
pass tests/userprog/write-bad-fd
pintos -v -k -T 60 --qemu  --filesys-size=2 -p tests/userprog/exec-once -a exec-once -p tests/userprog/child-simple -a child-simple -- -q  -f run exec-once < /dev/null 2> tests/userprog/exec-once.errors > tests/userprog/exec-once.output
perl -I../.. ../../tests/userprog/exec-once.ck tests/userprog/exec-once tests/userprog/exec-once.result
FAIL tests/userprog/exec-once
Test output failed to match any acceptable form.

Acceptable output:
  (exec-once) begin
  (child-simple) run
  child-simple: exit(81)
  (exec-once) end
  exec-once: exit(0)
Differences in `diff -u' format:
  (exec-once) begin
- (child-simple) run
- child-simple: exit(81)
  (exec-once) end
  exec-once: exit(0)
pintos -v -k -T 60 --qemu  --filesys-size=2 -p tests/userprog/exec-arg -a exec-arg -p tests/userprog/child-args -a child-args -- -q  -f run exec-arg < /dev/null 2> tests/userprog/exec-arg.errors > tests/userprog/exec-arg.output
perl -I../.. ../../tests/userprog/exec-arg.ck tests/userprog/exec-arg tests/userprog/exec-arg.result
FAIL tests/userprog/exec-arg
Test output failed to match any acceptable form.

Acceptable output:
  (exec-arg) begin
  (args) begin
  (args) argc = 2
  (args) argv[0] = 'child-args'
  (args) argv[1] = 'childarg'
  (args) argv[2] = null
  (args) end
  child-args: exit(0)
  (exec-arg) end
  exec-arg: exit(0)
Differences in `diff -u' format:
  (exec-arg) begin
- (args) begin
- (args) argc = 2
- (args) argv[0] = 'child-args'
- (args) argv[1] = 'childarg'
- (args) argv[2] = null
- (args) end
- child-args: exit(0)
  (exec-arg) end
  exec-arg: exit(0)
pintos -v -k -T 60 --qemu  --filesys-size=2 -p tests/userprog/exec-bound -a exec-bound -p tests/userprog/child-args -a child-args -- -q  -f run exec-bound < /dev/null 2> tests/userprog/exec-bound.errors > tests/userprog/exec-bound.output
perl -I../.. ../../tests/userprog/exec-bound.ck tests/userprog/exec-bound tests/userprog/exec-bound.result
FAIL tests/userprog/exec-bound
Test output failed to match any acceptable form.

Acceptable output:
  (exec-bound) begin
  (args) begin
  (args) argc = 3
  (args) argv[0] = 'child-args'
  (args) argv[1] = 'arg1'
  (args) argv[2] = 'arg2'
  (args) argv[3] = null
  (args) end
  child-args: exit(0)
  (exec-bound) end
  exec-bound: exit(0)
Differences in `diff -u' format:
  (exec-bound) begin
- (args) begin
- (args) argc = 3
- (args) argv[0] = 'child-args'
- (args) argv[1] = 'arg1'
- (args) argv[2] = 'arg2'
- (args) argv[3] = null
- (args) end
- child-args: exit(0)
  (exec-bound) end
  exec-bound: exit(0)
pintos -v -k -T 60 --qemu  --filesys-size=2 -p tests/userprog/exec-bound-2 -a exec-bound-2 -- -q  -f run exec-bound-2 < /dev/null 2> tests/userprog/exec-bound-2.errors > tests/userprog/exec-bound-2.output
perl -I../.. ../../tests/userprog/exec-bound-2.ck tests/userprog/exec-bound-2 tests/userprog/exec-bound-2.result
FAIL tests/userprog/exec-bound-2
run: should have killed process: FAILED
pintos -v -k -T 60 --qemu  --filesys-size=2 -p tests/userprog/exec-bound-3 -a exec-bound-3 -- -q  -f run exec-bound-3 < /dev/null 2> tests/userprog/exec-bound-3.errors > tests/userprog/exec-bound-3.output
perl -I../.. ../../tests/userprog/exec-bound-3.ck tests/userprog/exec-bound-3 tests/userprog/exec-bound-3.result
FAIL tests/userprog/exec-bound-3
run: should have killed process: FAILED
pintos -v -k -T 60 --qemu  --filesys-size=2 -p tests/userprog/exec-multiple -a exec-multiple -p tests/userprog/child-simple -a child-simple -- -q  -f run exec-multiple < /dev/null 2> tests/userprog/exec-multiple.errors > tests/userprog/exec-multiple.output
perl -I../.. ../../tests/userprog/exec-multiple.ck tests/userprog/exec-multiple tests/userprog/exec-multiple.result
FAIL tests/userprog/exec-multiple
Test output failed to match any acceptable form.

Acceptable output:
  (exec-multiple) begin
  (child-simple) run
  child-simple: exit(81)
  (child-simple) run
  child-simple: exit(81)
  (child-simple) run
  child-simple: exit(81)
  (child-simple) run
  child-simple: exit(81)
  (exec-multiple) end
  exec-multiple: exit(0)
Differences in `diff -u' format:
  (exec-multiple) begin
- (child-simple) run
- child-simple: exit(81)
- (child-simple) run
- child-simple: exit(81)
- (child-simple) run
- child-simple: exit(81)
- (child-simple) run
- child-simple: exit(81)
  (exec-multiple) end
  exec-multiple: exit(0)
pintos -v -k -T 60 --qemu  --filesys-size=2 -p tests/userprog/exec-missing -a exec-missing -- -q  -f run exec-missing < /dev/null 2> tests/userprog/exec-missing.errors > tests/userprog/exec-missing.output
perl -I../.. ../../tests/userprog/exec-missing.ck tests/userprog/exec-missing tests/userprog/exec-missing.result
FAIL tests/userprog/exec-missing
Test output failed to match any acceptable form.

Acceptable output:
  (exec-missing) begin
  load: no-such-file: open failed
  (exec-missing) exec("no-such-file"): -1
  (exec-missing) end
  exec-missing: exit(0)
Differences in `diff -u' format:
  (exec-missing) begin
- load: no-such-file: open failed
- (exec-missing) exec("no-such-file"): -1
+ (exec-missing) exec("no-such-file"): 134524733
  (exec-missing) end
  exec-missing: exit(0)
Acceptable output:
  (exec-missing) begin
  load: no-such-file: open failed
  (exec-missing) exec("no-such-file"): -1
  no-such-file: exit(-1)
  (exec-missing) end
  exec-missing: exit(0)
Differences in `diff -u' format:
  (exec-missing) begin
- load: no-such-file: open failed
- (exec-missing) exec("no-such-file"): -1
- no-such-file: exit(-1)
+ (exec-missing) exec("no-such-file"): 134524733
  (exec-missing) end
  exec-missing: exit(0)
Acceptable output:
  (exec-missing) begin
  (exec-missing) exec("no-such-file"): -1
  (exec-missing) end
  exec-missing: exit(0)
Differences in `diff -u' format:
  (exec-missing) begin
- (exec-missing) exec("no-such-file"): -1
+ (exec-missing) exec("no-such-file"): 134524733
  (exec-missing) end
  exec-missing: exit(0)
Acceptable output:
  (exec-missing) begin
  load: no-such-file: open failed
  no-such-file: exit(-1)
  (exec-missing) exec("no-such-file"): -1
  (exec-missing) end
  exec-missing: exit(0)
Differences in `diff -u' format:
  (exec-missing) begin
- load: no-such-file: open failed
- no-such-file: exit(-1)
- (exec-missing) exec("no-such-file"): -1
+ (exec-missing) exec("no-such-file"): 134524733
  (exec-missing) end
  exec-missing: exit(0)
pintos -v -k -T 60 --qemu  --filesys-size=2 -p tests/userprog/exec-bad-ptr -a exec-bad-ptr -- -q  -f run exec-bad-ptr < /dev/null 2> tests/userprog/exec-bad-ptr.errors > tests/userprog/exec-bad-ptr.output
perl -I../.. ../../tests/userprog/exec-bad-ptr.ck tests/userprog/exec-bad-ptr tests/userprog/exec-bad-ptr.result
pass tests/userprog/exec-bad-ptr
pintos -v -k -T 60 --qemu  --filesys-size=2 -p tests/userprog/wait-simple -a wait-simple -p tests/userprog/child-simple -a child-simple -- -q  -f run wait-simple < /dev/null 2> tests/userprog/wait-simple.errors > tests/userprog/wait-simple.output
perl -I../.. ../../tests/userprog/wait-simple.ck tests/userprog/wait-simple tests/userprog/wait-simple.result
FAIL tests/userprog/wait-simple
Test output failed to match any acceptable form.

Acceptable output:
  (wait-simple) begin
  (child-simple) run
  child-simple: exit(81)
  (wait-simple) wait(exec()) = 81
  (wait-simple) end
  wait-simple: exit(0)
Differences in `diff -u' format:
  (wait-simple) begin
- (child-simple) run
- child-simple: exit(81)
- (wait-simple) wait(exec()) = 81
+ (wait-simple) wait(exec()) = 134524749
  (wait-simple) end
  wait-simple: exit(0)
pintos -v -k -T 60 --qemu  --filesys-size=2 -p tests/userprog/wait-twice -a wait-twice -p tests/userprog/child-simple -a child-simple -- -q  -f run wait-twice < /dev/null 2> tests/userprog/wait-twice.errors > tests/userprog/wait-twice.output
perl -I../.. ../../tests/userprog/wait-twice.ck tests/userprog/wait-twice tests/userprog/wait-twice.result
FAIL tests/userprog/wait-twice
Test output failed to match any acceptable form.

Acceptable output:
  (wait-twice) begin
  (child-simple) run
  child-simple: exit(81)
  (wait-twice) wait(exec()) = 81
  (wait-twice) wait(exec()) = -1
  (wait-twice) end
  wait-twice: exit(0)
Differences in `diff -u' format:
  (wait-twice) begin
- (child-simple) run
- child-simple: exit(81)
- (wait-twice) wait(exec()) = 81
- (wait-twice) wait(exec()) = -1
+ (wait-twice) wait(exec()) = 134524781
+ (wait-twice) wait(exec()) = 38
  (wait-twice) end
  wait-twice: exit(0)
pintos -v -k -T 60 --qemu  --filesys-size=2 -p tests/userprog/wait-killed -a wait-killed -p tests/userprog/child-bad -a child-bad -- -q  -f run wait-killed < /dev/null 2> tests/userprog/wait-killed.errors > tests/userprog/wait-killed.output
perl -I../.. ../../tests/userprog/wait-killed.ck tests/userprog/wait-killed tests/userprog/wait-killed.result
FAIL tests/userprog/wait-killed
Test output failed to match any acceptable form.

Acceptable output:
  (wait-killed) begin
  (child-bad) begin
  child-bad: exit(-1)
  (wait-killed) wait(exec()) = -1
  (wait-killed) end
  wait-killed: exit(0)
Differences in `diff -u' format:
  (wait-killed) begin
- (child-bad) begin
- child-bad: exit(-1)
- (wait-killed) wait(exec()) = -1
+ (wait-killed) wait(exec()) = 134524749
  (wait-killed) end
  wait-killed: exit(0)
pintos -v -k -T 60 --qemu  --filesys-size=2 -p tests/userprog/wait-bad-pid -a wait-bad-pid -- -q  -f run wait-bad-pid < /dev/null 2> tests/userprog/wait-bad-pid.errors > tests/userprog/wait-bad-pid.output
perl -I../.. ../../tests/userprog/wait-bad-pid.ck tests/userprog/wait-bad-pid tests/userprog/wait-bad-pid.result
pass tests/userprog/wait-bad-pid
pintos -v -k -T 60 --qemu  --filesys-size=2 -p tests/userprog/multi-recurse -a multi-recurse -- -q  -f run 'multi-recurse 15' < /dev/null 2> tests/userprog/multi-recurse.errors > tests/userprog/multi-recurse.output
perl -I../.. ../../tests/userprog/multi-recurse.ck tests/userprog/multi-recurse tests/userprog/multi-recurse.result
FAIL tests/userprog/multi-recurse
run: wait(exec("multi-recurse 14")) returned 41: FAILED
pintos -v -k -T 60 --qemu  --filesys-size=2 -p tests/userprog/multi-child-fd -a multi-child-fd -p ../../tests/userprog/sample.txt -a sample.txt -p tests/userprog/child-close -a child-close -- -q  -f run multi-child-fd < /dev/null 2> tests/userprog/multi-child-fd.errors > tests/userprog/multi-child-fd.output
perl -I../.. ../../tests/userprog/multi-child-fd.ck tests/userprog/multi-child-fd tests/userprog/multi-child-fd.result
FAIL tests/userprog/multi-child-fd
run: read of 239 bytes at offset 0 in "sample.txt" returned 134524895: FAILED
pintos -v -k -T 60 --qemu  --filesys-size=2 -p tests/userprog/rox-simple -a rox-simple -- -q  -f run rox-simple < /dev/null 2> tests/userprog/rox-simple.errors > tests/userprog/rox-simple.output
perl -I../.. ../../tests/userprog/rox-simple.ck tests/userprog/rox-simple tests/userprog/rox-simple.result
FAIL tests/userprog/rox-simple
run: read "rox-simple": FAILED
pintos -v -k -T 60 --qemu  --filesys-size=2 -p tests/userprog/rox-child -a rox-child -p tests/userprog/child-rox -a child-rox -- -q  -f run rox-child < /dev/null 2> tests/userprog/rox-child.errors > tests/userprog/rox-child.output
perl -I../.. ../../tests/userprog/rox-child.ck tests/userprog/rox-child tests/userprog/rox-child.result
FAIL tests/userprog/rox-child
run: read "child-rox": FAILED
pintos -v -k -T 60 --qemu  --filesys-size=2 -p tests/userprog/rox-multichild -a rox-multichild -p tests/userprog/child-rox -a child-rox -- -q  -f run rox-multichild < /dev/null 2> tests/userprog/rox-multichild.errors > tests/userprog/rox-multichild.output
perl -I../.. ../../tests/userprog/rox-multichild.ck tests/userprog/rox-multichild tests/userprog/rox-multichild.result
FAIL tests/userprog/rox-multichild
run: read "child-rox": FAILED
pintos -v -k -T 60 --qemu  --filesys-size=2 -p tests/userprog/bad-read -a bad-read -- -q  -f run bad-read < /dev/null 2> tests/userprog/bad-read.errors > tests/userprog/bad-read.output
perl -I../.. ../../tests/userprog/bad-read.ck tests/userprog/bad-read tests/userprog/bad-read.result
FAIL tests/userprog/bad-read
run: TIMEOUT after 92 seconds of wall-clock time - load average: 0.72, 0.68, 0.55
pintos -v -k -T 60 --qemu  --filesys-size=2 -p tests/userprog/bad-write -a bad-write -- -q  -f run bad-write < /dev/null 2> tests/userprog/bad-write.errors > tests/userprog/bad-write.output
perl -I../.. ../../tests/userprog/bad-write.ck tests/userprog/bad-write tests/userprog/bad-write.result
FAIL tests/userprog/bad-write
run: TIMEOUT after 61 seconds of wall-clock time - load average: 0.31, 0.57, 0.52
pintos -v -k -T 60 --qemu  --filesys-size=2 -p tests/userprog/bad-read2 -a bad-read2 -- -q  -f run bad-read2 < /dev/null 2> tests/userprog/bad-read2.errors > tests/userprog/bad-read2.output
../../tests/Make.tests:74: recipe for target 'tests/userprog/bad-read2.output' failed
../Makefile.kernel:10: recipe for target 'check' failed
